<?xml version="1.0" encoding="UTF-8"?>
<testsuite name="inventory.AppTest" tests="1" skipped="0" failures="0" errors="0" timestamp="2022-09-19T10:14:48" hostname="DESKTOP-T2HH9CT" time="0.159">
  <properties/>
  <testcase name="application has a greeting" classname="inventory.AppTest" time="0.159"/>
  <system-out><![CDATA[]]></system-out>
  <system-err><![CDATA[]]></system-err>
</testsuite>
